<?xml version="1.0" encoding="UTF-8"?>
<!-- Generated by org.testng.reporters.JUnitXMLReporter -->
<testsuite ignored="0" hostname="Lenovo" failures="0" tests="3" name="Regression Tests" time="32.582" errors="0" timestamp="2026-03-29T15:13:54 IST">
  <testcase classname="tests.LoginTest" name="testLogin" time="1.172"/>
  <testcase classname="tests.AddToCartTest" name="testAddToCart" time="4.634"/>
  <testcase classname="tests.PaymentFailureTest" name="verifyPaymentFailure" time="10.029"/>
</testsuite> <!-- Regression Tests -->
