<?xml version="1.0" encoding="UTF-8"?>
<testng-results ignored="0" total="3" passed="3" failed="0" skipped="0">
  <reporter-output>
  </reporter-output>
  <suite started-at="2026-03-29T15:13:22 IST" name="E-Mart Suite" finished-at="2026-03-29T15:13:54 IST" duration-ms="32582">
    <groups>
    </groups>
    <test started-at="2026-03-29T15:13:22 IST" name="Regression Tests" finished-at="2026-03-29T15:13:54 IST" duration-ms="32582">
      <class name="tests.LoginTest">
        <test-method is-config="true" signature="setup()[pri:0, instance:tests.LoginTest@6adbc9d]" started-at="2026-03-29T15:13:22 IST" name="setup" finished-at="2026-03-29T15:13:27 IST" duration-ms="5648" status="PASS">
          <reporter-output>
          </reporter-output>
        </test-method> <!-- setup -->
        <test-method signature="testLogin()[pri:0, instance:tests.LoginTest@6adbc9d]" started-at="2026-03-29T15:13:27 IST" name="testLogin" finished-at="2026-03-29T15:13:29 IST" duration-ms="1172" status="PASS">
          <reporter-output>
          </reporter-output>
        </test-method> <!-- testLogin -->
        <test-method is-config="true" signature="tearDown()[pri:0, instance:tests.LoginTest@6adbc9d]" started-at="2026-03-29T15:13:29 IST" name="tearDown" finished-at="2026-03-29T15:13:29 IST" duration-ms="673" status="PASS">
          <reporter-output>
          </reporter-output>
        </test-method> <!-- tearDown -->
      </class> <!-- tests.LoginTest -->
      <class name="tests.AddToCartTest">
        <test-method is-config="true" signature="setup()[pri:0, instance:tests.AddToCartTest@3270d194]" started-at="2026-03-29T15:13:29 IST" name="setup" finished-at="2026-03-29T15:13:34 IST" duration-ms="4535" status="PASS">
          <reporter-output>
          </reporter-output>
        </test-method> <!-- setup -->
        <test-method signature="testAddToCart()[pri:0, instance:tests.AddToCartTest@3270d194]" started-at="2026-03-29T15:13:34 IST" name="testAddToCart" finished-at="2026-03-29T15:13:38 IST" duration-ms="4634" status="PASS">
          <reporter-output>
          </reporter-output>
        </test-method> <!-- testAddToCart -->
        <test-method is-config="true" signature="tearDown()[pri:0, instance:tests.AddToCartTest@3270d194]" started-at="2026-03-29T15:13:38 IST" name="tearDown" finished-at="2026-03-29T15:13:39 IST" duration-ms="644" status="PASS">
          <reporter-output>
          </reporter-output>
        </test-method> <!-- tearDown -->
      </class> <!-- tests.AddToCartTest -->
      <class name="tests.PaymentFailureTest">
        <test-method is-config="true" signature="setup()[pri:0, instance:tests.PaymentFailureTest@235834f2]" started-at="2026-03-29T15:13:39 IST" name="setup" finished-at="2026-03-29T15:13:44 IST" duration-ms="4515" status="PASS">
          <reporter-output>
          </reporter-output>
        </test-method> <!-- setup -->
        <test-method signature="verifyPaymentFailure()[pri:0, instance:tests.PaymentFailureTest@235834f2]" started-at="2026-03-29T15:13:44 IST" name="verifyPaymentFailure" finished-at="2026-03-29T15:13:54 IST" duration-ms="10029" status="PASS">
          <reporter-output>
          </reporter-output>
        </test-method> <!-- verifyPaymentFailure -->
        <test-method is-config="true" signature="tearDown()[pri:0, instance:tests.PaymentFailureTest@235834f2]" started-at="2026-03-29T15:13:54 IST" name="tearDown" finished-at="2026-03-29T15:13:54 IST" duration-ms="669" status="PASS">
          <reporter-output>
          </reporter-output>
        </test-method> <!-- tearDown -->
      </class> <!-- tests.PaymentFailureTest -->
    </test> <!-- Regression Tests -->
  </suite> <!-- E-Mart Suite -->
</testng-results>
